z:\igmprofile\documents\senior year\game_graphics\hw6-textures\dx11starter\debug\vc140.pdb
z:\igmprofile\documents\senior year\game_graphics\hw6-textures\dx11starter\debug\vc140.idb
z:\igmprofile\documents\senior year\game_graphics\hw6-textures\dx11starter\debug\camera.obj
z:\igmprofile\documents\senior year\game_graphics\hw6-textures\dx11starter\debug\dxcore.obj
z:\igmprofile\documents\senior year\game_graphics\hw6-textures\dx11starter\debug\entity.obj
z:\igmprofile\documents\senior year\game_graphics\hw6-textures\dx11starter\debug\game.obj
z:\igmprofile\documents\senior year\game_graphics\hw6-textures\dx11starter\debug\main.obj
z:\igmprofile\documents\senior year\game_graphics\hw6-textures\dx11starter\debug\material.obj
z:\igmprofile\documents\senior year\game_graphics\hw6-textures\dx11starter\debug\mesh.obj
z:\igmprofile\documents\senior year\game_graphics\hw6-textures\dx11starter\debug\renderer.obj
z:\igmprofile\documents\senior year\game_graphics\hw6-textures\dx11starter\debug\simpleshader.obj
\\banner.main.ad.rit.edu\students\spc1802\igmprofile\documents\senior year\game_graphics\hw6-textures\dx11starter\debug\vc140.pdb
\\banner.main.ad.rit.edu\students\spc1802\igmprofile\documents\senior year\game_graphics\hw6-textures\dx11starter\debug\vc140.idb
\\banner.main.ad.rit.edu\students\spc1802\igmprofile\documents\senior year\game_graphics\hw6-textures\dx11starter\debug\camera.obj
\\banner.main.ad.rit.edu\students\spc1802\igmprofile\documents\senior year\game_graphics\hw6-textures\dx11starter\debug\dxcore.obj
\\banner.main.ad.rit.edu\students\spc1802\igmprofile\documents\senior year\game_graphics\hw6-textures\dx11starter\debug\entity.obj
\\banner.main.ad.rit.edu\students\spc1802\igmprofile\documents\senior year\game_graphics\hw6-textures\dx11starter\debug\game.obj
\\banner.main.ad.rit.edu\students\spc1802\igmprofile\documents\senior year\game_graphics\hw6-textures\dx11starter\debug\main.obj
\\banner.main.ad.rit.edu\students\spc1802\igmprofile\documents\senior year\game_graphics\hw6-textures\dx11starter\debug\material.obj
\\banner.main.ad.rit.edu\students\spc1802\igmprofile\documents\senior year\game_graphics\hw6-textures\dx11starter\debug\mesh.obj
\\banner.main.ad.rit.edu\students\spc1802\igmprofile\documents\senior year\game_graphics\hw6-textures\dx11starter\debug\renderer.obj
\\banner.main.ad.rit.edu\students\spc1802\igmprofile\documents\senior year\game_graphics\hw6-textures\dx11starter\debug\simpleshader.obj
\\banner.main.ad.rit.edu\students\spc1802\igmprofile\documents\senior year\game_graphics\prototype_engine\dx11starter\debug\vc140.pdb
\\banner.main.ad.rit.edu\students\spc1802\igmprofile\documents\senior year\game_graphics\prototype_engine\dx11starter\debug\vc140.idb
\\banner.main.ad.rit.edu\students\spc1802\igmprofile\documents\senior year\game_graphics\prototype_engine\dx11starter\debug\camera.obj
\\banner.main.ad.rit.edu\students\spc1802\igmprofile\documents\senior year\game_graphics\prototype_engine\dx11starter\debug\dxcore.obj
\\banner.main.ad.rit.edu\students\spc1802\igmprofile\documents\senior year\game_graphics\prototype_engine\dx11starter\debug\entity.obj
\\banner.main.ad.rit.edu\students\spc1802\igmprofile\documents\senior year\game_graphics\prototype_engine\dx11starter\debug\game.obj
\\banner.main.ad.rit.edu\students\spc1802\igmprofile\documents\senior year\game_graphics\prototype_engine\dx11starter\debug\main.obj
\\banner.main.ad.rit.edu\students\spc1802\igmprofile\documents\senior year\game_graphics\prototype_engine\dx11starter\debug\material.obj
\\banner.main.ad.rit.edu\students\spc1802\igmprofile\documents\senior year\game_graphics\prototype_engine\dx11starter\debug\renderer.obj
\\banner.main.ad.rit.edu\students\spc1802\igmprofile\documents\senior year\game_graphics\prototype_engine\dx11starter\debug\simpleshader.obj
\\banner.main.ad.rit.edu\students\spc1802\igmprofile\documents\senior year\game_graphics\prototype_engine\dx11starter\debug\contentmanager.obj
\\banner.main.ad.rit.edu\students\spc1802\igmprofile\documents\senior year\game_graphics\prototype_engine\dx11starter\debug\mesh.obj
z:\igmprofile\documents\senior year\game_graphics\prototype_engine\dx11starter\debug\vc140.pdb
z:\igmprofile\documents\senior year\game_graphics\prototype_engine\dx11starter\debug\vc140.idb
z:\igmprofile\documents\senior year\game_graphics\prototype_engine\dx11starter\debug\camera.obj
z:\igmprofile\documents\senior year\game_graphics\prototype_engine\dx11starter\debug\contentmanager.obj
z:\igmprofile\documents\senior year\game_graphics\prototype_engine\dx11starter\debug\dxcore.obj
z:\igmprofile\documents\senior year\game_graphics\prototype_engine\dx11starter\debug\entity.obj
z:\igmprofile\documents\senior year\game_graphics\prototype_engine\dx11starter\debug\game.obj
z:\igmprofile\documents\senior year\game_graphics\prototype_engine\dx11starter\debug\main.obj
z:\igmprofile\documents\senior year\game_graphics\prototype_engine\dx11starter\debug\material.obj
z:\igmprofile\documents\senior year\game_graphics\prototype_engine\dx11starter\debug\mesh.obj
z:\igmprofile\documents\senior year\game_graphics\prototype_engine\dx11starter\debug\renderer.obj
z:\igmprofile\documents\senior year\game_graphics\prototype_engine\dx11starter\debug\simpleshader.obj
d:\profiles\spc1802\swamped\prototype_engine\dx11starter\debug\vc140.pdb
d:\profiles\spc1802\swamped\prototype_engine\dx11starter\debug\vc140.idb
d:\profiles\spc1802\swamped\prototype_engine\dx11starter\debug\camera.obj
d:\profiles\spc1802\swamped\prototype_engine\dx11starter\debug\contentmanager.obj
d:\profiles\spc1802\swamped\prototype_engine\dx11starter\debug\dxcore.obj
d:\profiles\spc1802\swamped\prototype_engine\dx11starter\debug\entity.obj
d:\profiles\spc1802\swamped\prototype_engine\dx11starter\debug\game.obj
d:\profiles\spc1802\swamped\prototype_engine\dx11starter\debug\main.obj
d:\profiles\spc1802\swamped\prototype_engine\dx11starter\debug\material.obj
d:\profiles\spc1802\swamped\prototype_engine\dx11starter\debug\mesh.obj
d:\profiles\spc1802\swamped\prototype_engine\dx11starter\debug\renderer.obj
d:\profiles\spc1802\swamped\prototype_engine\dx11starter\debug\simpleshader.obj
e:\mydocuments\school\college\senior year\graphics\swamped\prototype_engine\dx11starter\debug\vc140.pdb
e:\mydocuments\school\college\senior year\graphics\swamped\prototype_engine\dx11starter\debug\vc140.idb
e:\mydocuments\school\college\senior year\graphics\swamped\prototype_engine\dx11starter\debug\camera.obj
e:\mydocuments\school\college\senior year\graphics\swamped\prototype_engine\dx11starter\debug\dxcore.obj
e:\mydocuments\school\college\senior year\graphics\swamped\prototype_engine\dx11starter\debug\entity.obj
e:\mydocuments\school\college\senior year\graphics\swamped\prototype_engine\dx11starter\debug\game.obj
e:\mydocuments\school\college\senior year\graphics\swamped\prototype_engine\dx11starter\debug\main.obj
e:\mydocuments\school\college\senior year\graphics\swamped\prototype_engine\dx11starter\debug\material.obj
e:\mydocuments\school\college\senior year\graphics\swamped\prototype_engine\dx11starter\debug\mesh.obj
e:\mydocuments\school\college\senior year\graphics\swamped\prototype_engine\dx11starter\debug\renderer.obj
e:\mydocuments\school\college\senior year\graphics\swamped\prototype_engine\dx11starter\debug\simpleshader.obj
z:\igmprofile\documents\senior year\game_graphics\hw6-textures\dx11starter\debug\pixelshader.cso
z:\igmprofile\documents\senior year\game_graphics\hw6-textures\dx11starter\debug\vertexshader.cso
\\banner.main.ad.rit.edu\students\spc1802\igmprofile\documents\senior year\game_graphics\hw6-textures\dx11starter\debug\pixelshader.cso
\\banner.main.ad.rit.edu\students\spc1802\igmprofile\documents\senior year\game_graphics\hw6-textures\dx11starter\debug\vertexshader.cso
\\banner.main.ad.rit.edu\students\spc1802\igmprofile\documents\senior year\game_graphics\prototype_engine\dx11starter\debug\pixelshader.cso
\\banner.main.ad.rit.edu\students\spc1802\igmprofile\documents\senior year\game_graphics\prototype_engine\dx11starter\debug\vertexshader.cso
z:\igmprofile\documents\senior year\game_graphics\prototype_engine\dx11starter\debug\pixelshader.cso
z:\igmprofile\documents\senior year\game_graphics\prototype_engine\dx11starter\debug\vertexshader.cso
d:\profiles\spc1802\swamped\prototype_engine\dx11starter\debug\pixelshader.cso
d:\profiles\spc1802\swamped\prototype_engine\dx11starter\debug\vertexshader.cso
e:\mydocuments\school\college\senior year\graphics\swamped\prototype_engine\dx11starter\debug\pixelshader.cso
e:\mydocuments\school\college\senior year\graphics\swamped\prototype_engine\dx11starter\debug\vertexshader.cso
\\banner.main.ad.rit.edu\students\spc1802\igmprofile\documents\senior year\game_graphics\hw6-textures\dx11starter\debug\dx11starter.ilk
\\banner.main.ad.rit.edu\students\spc1802\igmprofile\documents\senior year\game_graphics\hw6-textures\dx11starter\debug\dx11starter.exe
\\banner.main.ad.rit.edu\students\spc1802\igmprofile\documents\senior year\game_graphics\hw6-textures\dx11starter\debug\dx11starter.pdb
z:\igmprofile\documents\senior year\game_graphics\prototype_engine\dx11starter\debug\dx11starter.ilk
z:\igmprofile\documents\senior year\game_graphics\prototype_engine\dx11starter\debug\dx11starter.exe
z:\igmprofile\documents\senior year\game_graphics\prototype_engine\dx11starter\debug\dx11starter.pdb
\\banner.main.ad.rit.edu\students\spc1802\igmprofile\documents\senior year\game_graphics\prototype_engine\dx11starter\debug\dx11starter.ilk
\\banner.main.ad.rit.edu\students\spc1802\igmprofile\documents\senior year\game_graphics\prototype_engine\dx11starter\debug\dx11starter.exe
\\banner.main.ad.rit.edu\students\spc1802\igmprofile\documents\senior year\game_graphics\prototype_engine\dx11starter\debug\dx11starter.pdb
d:\profiles\spc1802\swamped\prototype_engine\dx11starter\debug\dx11starter.ilk
d:\profiles\spc1802\swamped\prototype_engine\dx11starter\debug\dx11starter.exe
d:\profiles\spc1802\swamped\prototype_engine\dx11starter\debug\dx11starter.pdb
e:\mydocuments\school\college\senior year\graphics\swamped\prototype_engine\dx11starter\debug\dx11starter.ilk
e:\mydocuments\school\college\senior year\graphics\swamped\prototype_engine\dx11starter\debug\dx11starter.pdb
e:\mydocuments\school\college\senior year\graphics\swamped\prototype_engine\dx11starter\debug\dx11starter.exe
e:\mydocuments\school\college\senior year\graphics\swamped\prototype_engine\dx11starter\debug\dx11starter.tlog\cl.command.1.tlog
e:\mydocuments\school\college\senior year\graphics\swamped\prototype_engine\dx11starter\debug\dx11starter.tlog\cl.read.1.tlog
e:\mydocuments\school\college\senior year\graphics\swamped\prototype_engine\dx11starter\debug\dx11starter.tlog\cl.write.1.tlog
e:\mydocuments\school\college\senior year\graphics\swamped\prototype_engine\dx11starter\debug\dx11starter.tlog\dx11starter.write.1u.tlog
e:\mydocuments\school\college\senior year\graphics\swamped\prototype_engine\dx11starter\debug\dx11starter.tlog\fxc.command.1.tlog
e:\mydocuments\school\college\senior year\graphics\swamped\prototype_engine\dx11starter\debug\dx11starter.tlog\fxc.read.1.tlog
e:\mydocuments\school\college\senior year\graphics\swamped\prototype_engine\dx11starter\debug\dx11starter.tlog\fxc.write.1.tlog
e:\mydocuments\school\college\senior year\graphics\swamped\prototype_engine\dx11starter\debug\dx11starter.tlog\link.command.1.tlog
e:\mydocuments\school\college\senior year\graphics\swamped\prototype_engine\dx11starter\debug\dx11starter.tlog\link.read.1.tlog
e:\mydocuments\school\college\senior year\graphics\swamped\prototype_engine\dx11starter\debug\dx11starter.tlog\link.write.1.tlog
